<?xml version="1.0" encoding="UTF-8"?>
<!-- Generated by org.testng.reporters.JUnitReportReporter -->
<testsuite hostname="mlinpu1502-0035.springernature.com" failures="0" tests="1" name="com.unibet.Testcases.SearchTest" time="24.674" errors="0" timestamp="16 May 2019 08:41:33 GMT">
  <testcase classname="com.unibet.Testcases.SearchTest" name="validatesearchResult" time="24.674"/>
</testsuite> <!-- com.unibet.Testcases.SearchTest -->
