<?xml version="1.0" encoding="UTF-8"?>
<!-- Generated by org.testng.reporters.JUnitReportReporter -->
<testsuite hostname="mlinpu1502-0035.springernature.com" failures="0" tests="1" name="com.unibet.Testcases.SearchTest" time="20.481" errors="0" timestamp="28 May 2019 11:54:18 GMT">
  <testcase classname="com.unibet.Testcases.SearchTest" name="validatesearchResult" time="20.481"/>
</testsuite> <!-- com.unibet.Testcases.SearchTest -->
