<?xml version="1.0" encoding="UTF-8"?>
<!-- Generated by org.testng.reporters.JUnitReportReporter -->
<testsuite hostname="mlinpu1502-0035.springernature.com" failures="0" tests="3" name="com.unibet.Testcases.HomePageTest" time="41.000" errors="0" timestamp="16 May 2019 08:41:33 GMT">
  <testcase classname="com.unibet.Testcases.HomePageTest" name="ValidateRegistrationLink" time="15.628"/>
  <testcase classname="com.unibet.Testcases.HomePageTest" name="homepagelogoTest" time="15.642"/>
  <testcase classname="com.unibet.Testcases.HomePageTest" name="homepageTitleTest" time="9.730"/>
</testsuite> <!-- com.unibet.Testcases.HomePageTest -->
