<?xml version="1.0" encoding="UTF-8"?>
<!-- Generated by org.testng.reporters.JUnitReportReporter -->
<testsuite hostname="MLINPU1502-0035.springernature.com" failures="0" tests="1" name="com.unibet.Testcases.SearchTest" time="26.855" errors="0" timestamp="13 Jun 2019 06:10:43 GMT">
  <testcase classname="com.unibet.Testcases.SearchTest" name="validatesearchResult" time="26.855"/>
</testsuite> <!-- com.unibet.Testcases.SearchTest -->
